<?xml version="1.0" encoding="UTF-8"?>
<!-- Generated by org.testng.reporters.JUnitReportReporter -->
<testsuite skipped="0" hostname="jitender4568" name="com.NagpSelenium.framework.testcases.HomePageTest" tests="3" failures="0" timestamp="02 Jun 2019 18:49:18 GMT" time="3.984" errors="0">
  <testcase name="verifyHomePageTitle" time="0.026" classname="com.NagpSelenium.framework.testcases.HomePageTest"/>
  <testcase name="mainHeaderCheck" time="0.270" classname="com.NagpSelenium.framework.testcases.HomePageTest"/>
  <testcase name="signInFunctionality" time="3.688" classname="com.NagpSelenium.framework.testcases.HomePageTest"/>
</testsuite> <!-- com.NagpSelenium.framework.testcases.HomePageTest -->
