<?xml version="1.0" encoding="UTF-8"?>
<!-- Generated by org.testng.reporters.JUnitReportReporter -->
<testsuite skipped="0" hostname="jitender4568" name="com.NagpSelenium.framework.testcases.BusTicketsTest" tests="2" failures="0" timestamp="02 Jun 2019 18:49:42 GMT" time="4.702" errors="0">
  <testcase name="testSearchFunctionalityForBus" time="3.877" classname="com.NagpSelenium.framework.testcases.BusTicketsTest"/>
  <testcase name="testFunctionalityOfReturnTicket" time="0.825" classname="com.NagpSelenium.framework.testcases.BusTicketsTest"/>
</testsuite> <!-- com.NagpSelenium.framework.testcases.BusTicketsTest -->
