<?xml version="1.0" encoding="UTF-8"?>
<!-- Generated by org.testng.reporters.JUnitReportReporter -->
<testsuite skipped="0" hostname="jitender4568" name="com.NagpSelenium.framework.testcases.BusHireTest" tests="2" failures="0" timestamp="02 Jun 2019 18:50:12 GMT" time="8.986" errors="0">
  <testcase name="verifyBusHirePageTitle" time="2.091" classname="com.NagpSelenium.framework.testcases.BusHireTest"/>
  <testcase name="testSearchFunctionalityForBusHire" time="6.895" classname="com.NagpSelenium.framework.testcases.BusHireTest"/>
</testsuite> <!-- com.NagpSelenium.framework.testcases.BusHireTest -->
