<?xml version="1.0" encoding="UTF-8"?>
<!-- Generated by org.testng.reporters.JUnitReportReporter -->
<testsuite skipped="0" hostname="jitender4568" name="com.NagpSelenium.framework.testcases.PilgrimagesPageTest" tests="2" failures="0" timestamp="02 Jun 2019 06:43:12 GMT" time="10.376" errors="0">
  <testcase name="verifyPilgrimagesPageTitle" time="9.858" classname="com.NagpSelenium.framework.testcases.PilgrimagesPageTest"/>
  <testcase name="testSearchFunctionalityForPilgrimages" time="0.518" classname="com.NagpSelenium.framework.testcases.PilgrimagesPageTest"/>
</testsuite> <!-- com.NagpSelenium.framework.testcases.PilgrimagesPageTest -->
