<?xml version="1.0" encoding="UTF-8"?>
<!-- Generated by org.testng.reporters.JUnitReportReporter -->
<testsuite skipped="0" hostname="jitender4568" name="com.NagpSelenium.framework.testcases.AboutWebsiteTest" tests="2" failures="0" timestamp="02 Jun 2019 18:39:17 GMT" time="3.937" errors="0">
  <testcase name="verifyAboutUsLink" time="1.550" classname="com.NagpSelenium.framework.testcases.AboutWebsiteTest"/>
  <testcase name="verifyContactUsLink" time="2.387" classname="com.NagpSelenium.framework.testcases.AboutWebsiteTest"/>
</testsuite> <!-- com.NagpSelenium.framework.testcases.AboutWebsiteTest -->
