<?xml version="1.0" encoding="UTF-8"?>
<!-- Generated by org.testng.reporters.JUnitReportReporter -->
<testsuite skipped="0" hostname="32FD2X2" name="com.NagpSelenium.framework.testcases.HomePageTest" tests="1" failures="0" timestamp="17 Mar 2020 16:17:09 GMT" time="0.027" errors="0">
  <testcase name="verifyHomePageTitle" time="0.027" classname="com.NagpSelenium.framework.testcases.HomePageTest"/>
</testsuite> <!-- com.NagpSelenium.framework.testcases.HomePageTest -->
